<?xml version="1.0" encoding="UTF-8"?>
<!-- Generated by org.testng.reporters.JUnitReportReporter -->
<testsuite hostname="AppleA1278s-MBP" failures="0" tests="1" name="RealFullCode.Real" time="28.545" errors="0" timestamp="2020-12-28T13:04:54 IST" skipped="0">
  <testcase classname="RealFullCode.Real" name="testScript" time="28.545"/>
  <system-out/>
</testsuite> <!-- RealFullCode.Real -->
