<?xml version="1.0" encoding="UTF-8"?>
<!-- Generated by org.testng.reporters.JUnitReportReporter -->
<testsuite hostname="AppleA1278s-MacBook-Pro.local" failures="0" tests="10" name="RealFullCode.Appiumcode" time="154.461" errors="0" timestamp="14 Apr 2021 10:18:08 GMT" skipped="0">
  <testcase classname="RealFullCode.Appiumcode" name="drag" time="19.065"/>
  <testcase classname="RealFullCode.Appiumcode" name="dropdown" time="7.365"/>
  <testcase classname="RealFullCode.Appiumcode" name="Site" time="31.236"/>
  <testcase classname="RealFullCode.Appiumcode" name="drag" time="17.587"/>
  <testcase classname="RealFullCode.Appiumcode" name="AddDelete" time="12.767"/>
  <testcase classname="RealFullCode.Appiumcode" name="AddDelete" time="13.658"/>
  <testcase classname="RealFullCode.Appiumcode" name="maxi" time="6.475"/>
  <testcase classname="RealFullCode.Appiumcode" name="Site" time="32.000"/>
  <testcase classname="RealFullCode.Appiumcode" name="dropdown" time="7.794"/>
  <testcase classname="RealFullCode.Appiumcode" name="maxi" time="6.514"/>
</testsuite> <!-- RealFullCode.Appiumcode -->
